<testsuites id="" name="" tests="18" failures="1" skipped="0" errors="0" time="145.454643">
<testsuite name=".features-gen\chromium\src\features\ui\login_negative.feature.spec.js" timestamp="2025-10-09T19:25:55.244Z" hostname="chromium" tests="5" failures="0" skipped="0" time="34.298" errors="0">
<testcase name="Login with Invalid or Missing Credentials › Login attempt with invalid or missing credentials › Example #1" classname=".features-gen\chromium\src\features\ui\login_negative.feature.spec.js" time="8.409">
<system-out>
<![CDATA[
[[ATTACHMENT|..\test-results\src-features-ui-login_nega-c9782-ssing-credentials-Example-1-chromium\attachments\execution-log-57d8302e70229217cd49d45bd09208f662ebc40e.log]]
]]>
</system-out>
</testcase>
<testcase name="Login with Invalid or Missing Credentials › Login attempt with invalid or missing credentials › Example #2" classname=".features-gen\chromium\src\features\ui\login_negative.feature.spec.js" time="6.947">
<system-out>
<![CDATA[
[[ATTACHMENT|..\test-results\src-features-ui-login_nega-68b29-ssing-credentials-Example-2-chromium\attachments\execution-log-9955f2e73521637771ec7ecccfaf95a1b130dcfc.log]]
]]>
</system-out>
</testcase>
<testcase name="Login with Invalid or Missing Credentials › Login attempt with invalid or missing credentials › Example #3" classname=".features-gen\chromium\src\features\ui\login_negative.feature.spec.js" time="7.246">
<system-out>
<![CDATA[
[[ATTACHMENT|..\test-results\src-features-ui-login_nega-3c37d-ssing-credentials-Example-3-chromium\attachments\execution-log-d035e3fdf0a0c0118a0c1bbb092fd83aed8259c0.log]]
]]>
</system-out>
</testcase>
<testcase name="Login with Invalid or Missing Credentials › Login attempt with invalid or missing credentials › Example #4" classname=".features-gen\chromium\src\features\ui\login_negative.feature.spec.js" time="6.1">
<system-out>
<![CDATA[
[[ATTACHMENT|..\test-results\src-features-ui-login_nega-81f2e-ssing-credentials-Example-4-chromium\attachments\execution-log-16d33fbf1d15ebe77b3bdeeeda6d44070b10fa89.log]]
]]>
</system-out>
</testcase>
<testcase name="Login with Invalid or Missing Credentials › Login attempt with invalid or missing credentials › Example #5" classname=".features-gen\chromium\src\features\ui\login_negative.feature.spec.js" time="5.596">
<system-out>
<![CDATA[
[[ATTACHMENT|..\test-results\src-features-ui-login_nega-94581-ssing-credentials-Example-5-chromium\attachments\execution-log-eca6061e116a768aa49c2db5e14434ac9004c2fe.log]]
]]>
</system-out>
</testcase>
</testsuite>
<testsuite name=".features-gen\chromium\src\features\ui\login_positive.feature.spec.js" timestamp="2025-10-09T19:25:55.244Z" hostname="chromium" tests="1" failures="0" skipped="0" time="10.393" errors="0">
<testcase name="Login with Valid Credentials › Login with valid credentials" classname=".features-gen\chromium\src\features\ui\login_positive.feature.spec.js" time="10.393">
<system-out>
<![CDATA[
[[ATTACHMENT|..\test-results\src-features-ui-login_posi-8925a-ogin-with-valid-credentials-chromium\attachments\execution-log-3f05307b5173579195f1ac883a5a750e18738382.log]]
]]>
</system-out>
</testcase>
</testsuite>
<testsuite name=".features-gen\firefox\src\features\ui\login_negative.feature.spec.js" timestamp="2025-10-09T19:25:55.244Z" hostname="firefox" tests="5" failures="1" skipped="0" time="175.506" errors="0">
<testcase name="Login with Invalid or Missing Credentials › Login attempt with invalid or missing credentials › Example #1" classname=".features-gen\firefox\src\features\ui\login_negative.feature.spec.js" time="24.578">
<system-out>
<![CDATA[
[[ATTACHMENT|..\test-results\src-features-ui-login_nega-c9782-ssing-credentials-Example-1-firefox\attachments\execution-log-cffb244b569dcda22bb0b2cc3fe8d24826291af7.log]]
]]>
</system-out>
</testcase>
<testcase name="Login with Invalid or Missing Credentials › Login attempt with invalid or missing credentials › Example #2" classname=".features-gen\firefox\src\features\ui\login_negative.feature.spec.js" time="76.086">
<failure message="login_negative.feature.spec.js:17:5 Example #2" type="FAILURE">
<![CDATA[  [firefox] › .features-gen\firefox\src\features\ui\login_negative.feature.spec.js:17:5 › Login with Invalid or Missing Credentials › Login attempt with invalid or missing credentials › Example #2 @ui @login @negative 

    Error: expect(received).toContain(expected) // indexOf

    Expected substring: "Invalid credentials"
    Received string:    ""

       at src\steps\ui\login.steps.js:41

      39 |     // Check for a banner (e.g., "Invalid credentials").
      40 |     const banner = await loginPage.getBannerErrorText();
    > 41 |     expect(banner).toContain(expected);
         |                    ^
      42 |   }
      43 | });
      44 |
        at Object.<anonymous> (C:\Endava\EndevLocal\bdd\BDD_JS_ATF\src\steps\ui\login.steps.js:41:20)
        at C:\Endava\EndevLocal\bdd\BDD_JS_ATF\.features-gen\firefox\src\features\ui\login_negative.feature.spec.js:19:7

    attachment #1: screenshot (image/png) ──────────────────────────────────────────────────────────
    test-results\src-features-ui-login_nega-68b29-ssing-credentials-Example-2-firefox\test-failed-1.png
    ────────────────────────────────────────────────────────────────────────────────────────────────

    attachment #2: execution.log (text/plain) ──────────────────────────────────────────────────────
    test-results\src-features-ui-login_nega-68b29-ssing-credentials-Example-2-firefox\attachments\execution-log-f5f35edb88f982b928998c03ff000fb996df1b2e.log
    ────────────────────────────────────────────────────────────────────────────────────────────────

    Error Context: test-results\src-features-ui-login_nega-68b29-ssing-credentials-Example-2-firefox\error-context.md

    attachment #4: trace (application/zip) ─────────────────────────────────────────────────────────
    test-results\src-features-ui-login_nega-68b29-ssing-credentials-Example-2-firefox\trace.zip
    Usage:

        npx playwright show-trace test-results\src-features-ui-login_nega-68b29-ssing-credentials-Example-2-firefox\trace.zip

    ────────────────────────────────────────────────────────────────────────────────────────────────

    Retry #1 ───────────────────────────────────────────────────────────────────────────────────────

    Test timeout of 30000ms exceeded.

    Error: expect(received).toContain(expected) // indexOf

    Expected substring: "Invalid credentials"
    Received string:    ""

       at src\steps\ui\login.steps.js:41

      39 |     // Check for a banner (e.g., "Invalid credentials").
      40 |     const banner = await loginPage.getBannerErrorText();
    > 41 |     expect(banner).toContain(expected);
         |                    ^
      42 |   }
      43 | });
      44 |
        at Object.<anonymous> (C:\Endava\EndevLocal\bdd\BDD_JS_ATF\src\steps\ui\login.steps.js:41:20)
        at C:\Endava\EndevLocal\bdd\BDD_JS_ATF\.features-gen\firefox\src\features\ui\login_negative.feature.spec.js:19:7

    attachment #1: screenshot (image/png) ──────────────────────────────────────────────────────────
    test-results\src-features-ui-login_nega-68b29-ssing-credentials-Example-2-firefox-retry1\test-failed-1.png
    ────────────────────────────────────────────────────────────────────────────────────────────────

    attachment #2: execution.log (text/plain) ──────────────────────────────────────────────────────
    test-results\src-features-ui-login_nega-68b29-ssing-credentials-Example-2-firefox-retry1\attachments\execution-log-f5f35edb88f982b928998c03ff000fb996df1b2e.log
    ────────────────────────────────────────────────────────────────────────────────────────────────

    Error Context: test-results\src-features-ui-login_nega-68b29-ssing-credentials-Example-2-firefox-retry1\error-context.md

    attachment #4: trace (application/zip) ─────────────────────────────────────────────────────────
    test-results\src-features-ui-login_nega-68b29-ssing-credentials-Example-2-firefox-retry1\trace.zip
    Usage:

        npx playwright show-trace test-results\src-features-ui-login_nega-68b29-ssing-credentials-Example-2-firefox-retry1\trace.zip

    ────────────────────────────────────────────────────────────────────────────────────────────────

    Retry #2 ───────────────────────────────────────────────────────────────────────────────────────

    Error: expect(received).toContain(expected) // indexOf

    Expected substring: "Invalid credentials"
    Received string:    ""

       at src\steps\ui\login.steps.js:41

      39 |     // Check for a banner (e.g., "Invalid credentials").
      40 |     const banner = await loginPage.getBannerErrorText();
    > 41 |     expect(banner).toContain(expected);
         |                    ^
      42 |   }
      43 | });
      44 |
        at Object.<anonymous> (C:\Endava\EndevLocal\bdd\BDD_JS_ATF\src\steps\ui\login.steps.js:41:20)
        at C:\Endava\EndevLocal\bdd\BDD_JS_ATF\.features-gen\firefox\src\features\ui\login_negative.feature.spec.js:19:7

    attachment #1: screenshot (image/png) ──────────────────────────────────────────────────────────
    test-results\src-features-ui-login_nega-68b29-ssing-credentials-Example-2-firefox-retry2\test-failed-1.png
    ────────────────────────────────────────────────────────────────────────────────────────────────

    attachment #2: execution.log (text/plain) ──────────────────────────────────────────────────────
    test-results\src-features-ui-login_nega-68b29-ssing-credentials-Example-2-firefox-retry2\attachments\execution-log-f5f35edb88f982b928998c03ff000fb996df1b2e.log
    ────────────────────────────────────────────────────────────────────────────────────────────────

    Error Context: test-results\src-features-ui-login_nega-68b29-ssing-credentials-Example-2-firefox-retry2\error-context.md

    attachment #4: trace (application/zip) ─────────────────────────────────────────────────────────
    test-results\src-features-ui-login_nega-68b29-ssing-credentials-Example-2-firefox-retry2\trace.zip
    Usage:

        npx playwright show-trace test-results\src-features-ui-login_nega-68b29-ssing-credentials-Example-2-firefox-retry2\trace.zip

    ────────────────────────────────────────────────────────────────────────────────────────────────
]]>
</failure>
<system-out>
<![CDATA[
[[ATTACHMENT|..\test-results\src-features-ui-login_nega-68b29-ssing-credentials-Example-2-firefox\test-failed-1.png]]

[[ATTACHMENT|..\test-results\src-features-ui-login_nega-68b29-ssing-credentials-Example-2-firefox\attachments\execution-log-f5f35edb88f982b928998c03ff000fb996df1b2e.log]]

[[ATTACHMENT|..\test-results\src-features-ui-login_nega-68b29-ssing-credentials-Example-2-firefox\error-context.md]]

[[ATTACHMENT|..\test-results\src-features-ui-login_nega-68b29-ssing-credentials-Example-2-firefox\trace.zip]]

[[ATTACHMENT|..\test-results\src-features-ui-login_nega-68b29-ssing-credentials-Example-2-firefox-retry1\test-failed-1.png]]

[[ATTACHMENT|..\test-results\src-features-ui-login_nega-68b29-ssing-credentials-Example-2-firefox-retry1\attachments\execution-log-f5f35edb88f982b928998c03ff000fb996df1b2e.log]]

[[ATTACHMENT|..\test-results\src-features-ui-login_nega-68b29-ssing-credentials-Example-2-firefox-retry1\error-context.md]]

[[ATTACHMENT|..\test-results\src-features-ui-login_nega-68b29-ssing-credentials-Example-2-firefox-retry1\trace.zip]]

[[ATTACHMENT|..\test-results\src-features-ui-login_nega-68b29-ssing-credentials-Example-2-firefox-retry2\test-failed-1.png]]

[[ATTACHMENT|..\test-results\src-features-ui-login_nega-68b29-ssing-credentials-Example-2-firefox-retry2\attachments\execution-log-f5f35edb88f982b928998c03ff000fb996df1b2e.log]]

[[ATTACHMENT|..\test-results\src-features-ui-login_nega-68b29-ssing-credentials-Example-2-firefox-retry2\error-context.md]]

[[ATTACHMENT|..\test-results\src-features-ui-login_nega-68b29-ssing-credentials-Example-2-firefox-retry2\trace.zip]]
]]>
</system-out>
</testcase>
<testcase name="Login with Invalid or Missing Credentials › Login attempt with invalid or missing credentials › Example #3" classname=".features-gen\firefox\src\features\ui\login_negative.feature.spec.js" time="13.494">
<system-out>
<![CDATA[
[[ATTACHMENT|..\test-results\src-features-ui-login_nega-3c37d-ssing-credentials-Example-3-firefox\attachments\execution-log-558047bcdd750bb6822241a8d449105a8f31d5bf.log]]
]]>
</system-out>
</testcase>
<testcase name="Login with Invalid or Missing Credentials › Login attempt with invalid or missing credentials › Example #4" classname=".features-gen\firefox\src\features\ui\login_negative.feature.spec.js" time="44.341">
<system-out>
<![CDATA[
[[ATTACHMENT|..\test-results\src-features-ui-login_nega-81f2e-ssing-credentials-Example-4-firefox\test-failed-1.png]]

[[ATTACHMENT|..\test-results\src-features-ui-login_nega-81f2e-ssing-credentials-Example-4-firefox\attachments\execution-log-f8ecd3f7ee919ae788553ae1b93ea46d3d7bbbce.log]]

[[ATTACHMENT|..\test-results\src-features-ui-login_nega-81f2e-ssing-credentials-Example-4-firefox\trace.zip]]

[[ATTACHMENT|..\test-results\src-features-ui-login_nega-81f2e-ssing-credentials-Example-4-firefox-retry1\attachments\execution-log-f8ecd3f7ee919ae788553ae1b93ea46d3d7bbbce.log]]
]]>
</system-out>
</testcase>
<testcase name="Login with Invalid or Missing Credentials › Login attempt with invalid or missing credentials › Example #5" classname=".features-gen\firefox\src\features\ui\login_negative.feature.spec.js" time="17.007">
<system-out>
<![CDATA[
[[ATTACHMENT|..\test-results\src-features-ui-login_nega-94581-ssing-credentials-Example-5-firefox\attachments\execution-log-2ae0365ad1a529561cfee80339d003ac4a9ddd74.log]]
]]>
</system-out>
</testcase>
</testsuite>
<testsuite name=".features-gen\firefox\src\features\ui\login_positive.feature.spec.js" timestamp="2025-10-09T19:25:55.244Z" hostname="firefox" tests="1" failures="0" skipped="0" time="45.596" errors="0">
<testcase name="Login with Valid Credentials › Login with valid credentials" classname=".features-gen\firefox\src\features\ui\login_positive.feature.spec.js" time="45.596">
<system-out>
<![CDATA[
[[ATTACHMENT|..\test-results\src-features-ui-login_posi-8925a-ogin-with-valid-credentials-firefox\test-failed-1.png]]

[[ATTACHMENT|..\test-results\src-features-ui-login_posi-8925a-ogin-with-valid-credentials-firefox\attachments\execution-log-57140043e09bd41a81251f569d4ecae5381902e2.log]]

[[ATTACHMENT|..\test-results\src-features-ui-login_posi-8925a-ogin-with-valid-credentials-firefox\trace.zip]]

[[ATTACHMENT|..\test-results\src-features-ui-login_posi-8925a-ogin-with-valid-credentials-firefox-retry1\attachments\execution-log-57140043e09bd41a81251f569d4ecae5381902e2.log]]
]]>
</system-out>
</testcase>
</testsuite>
<testsuite name=".features-gen\webkit\src\features\ui\login_negative.feature.spec.js" timestamp="2025-10-09T19:25:55.244Z" hostname="webkit" tests="5" failures="0" skipped="0" time="60.817" errors="0">
<testcase name="Login with Invalid or Missing Credentials › Login attempt with invalid or missing credentials › Example #1" classname=".features-gen\webkit\src\features\ui\login_negative.feature.spec.js" time="31.981">
<system-out>
<![CDATA[
[[ATTACHMENT|..\test-results\src-features-ui-login_nega-c9782-ssing-credentials-Example-1-webkit\test-failed-1.png]]

[[ATTACHMENT|..\test-results\src-features-ui-login_nega-c9782-ssing-credentials-Example-1-webkit\attachments\execution-log-27f4fd5570a3258c5e074a185697ab9b75e14eb1.log]]

[[ATTACHMENT|..\test-results\src-features-ui-login_nega-c9782-ssing-credentials-Example-1-webkit\error-context.md]]

[[ATTACHMENT|..\test-results\src-features-ui-login_nega-c9782-ssing-credentials-Example-1-webkit\trace.zip]]

[[ATTACHMENT|..\test-results\src-features-ui-login_nega-c9782-ssing-credentials-Example-1-webkit-retry1\attachments\execution-log-27f4fd5570a3258c5e074a185697ab9b75e14eb1.log]]
]]>
</system-out>
</testcase>
<testcase name="Login with Invalid or Missing Credentials › Login attempt with invalid or missing credentials › Example #2" classname=".features-gen\webkit\src\features\ui\login_negative.feature.spec.js" time="7.521">
<system-out>
<![CDATA[
[[ATTACHMENT|..\test-results\src-features-ui-login_nega-68b29-ssing-credentials-Example-2-webkit\attachments\execution-log-c59e184be975b22286a747b6cb18c5c225d9e84b.log]]
]]>
</system-out>
</testcase>
<testcase name="Login with Invalid or Missing Credentials › Login attempt with invalid or missing credentials › Example #3" classname=".features-gen\webkit\src\features\ui\login_negative.feature.spec.js" time="5.867">
<system-out>
<![CDATA[
[[ATTACHMENT|..\test-results\src-features-ui-login_nega-3c37d-ssing-credentials-Example-3-webkit\attachments\execution-log-56737cbbe46c90396899f8cb3676b0837dd8bab6.log]]
]]>
</system-out>
</testcase>
<testcase name="Login with Invalid or Missing Credentials › Login attempt with invalid or missing credentials › Example #4" classname=".features-gen\webkit\src\features\ui\login_negative.feature.spec.js" time="7.115">
<system-out>
<![CDATA[
[[ATTACHMENT|..\test-results\src-features-ui-login_nega-81f2e-ssing-credentials-Example-4-webkit\attachments\execution-log-85457b11efefd7059d7ec42149ac7c72aa3018b5.log]]
]]>
</system-out>
</testcase>
<testcase name="Login with Invalid or Missing Credentials › Login attempt with invalid or missing credentials › Example #5" classname=".features-gen\webkit\src\features\ui\login_negative.feature.spec.js" time="8.333">
<system-out>
<![CDATA[
[[ATTACHMENT|..\test-results\src-features-ui-login_nega-94581-ssing-credentials-Example-5-webkit\attachments\execution-log-02cfa2cebf697b016dd18066109eed11a8a26415.log]]
]]>
</system-out>
</testcase>
</testsuite>
<testsuite name=".features-gen\webkit\src\features\ui\login_positive.feature.spec.js" timestamp="2025-10-09T19:25:55.244Z" hostname="webkit" tests="1" failures="0" skipped="0" time="12.57" errors="0">
<testcase name="Login with Valid Credentials › Login with valid credentials" classname=".features-gen\webkit\src\features\ui\login_positive.feature.spec.js" time="12.57">
<system-out>
<![CDATA[
[[ATTACHMENT|..\test-results\src-features-ui-login_posi-8925a-ogin-with-valid-credentials-webkit\attachments\execution-log-ca088052f46642d29abef9bf0f85fb9f2c4f2d3b.log]]
]]>
</system-out>
</testcase>
</testsuite>
</testsuites>